<?xml version="1.0" encoding="UTF-8"?>
<!-- Generated by org.testng.reporters.JUnitXMLReporter -->
<testsuite ignored="0" hostname="DESKTOP-MOFPJUL" failures="0" tests="2" name="Default test" time="35.904" errors="0" timestamp="2025-02-23T12:42:59 IST">
  <testcase classname="Seleniumlearning.Manasaproject.ErrorValidation" name="ProductErrorValidation" time="11.561"/>
  <testcase classname="Seleniumlearning.Manasaproject.ErrorValidation" name="loginErrorValidation" time="4.341"/>
</testsuite> <!-- Default test -->
